[0m16:16:10.246649 [debug] [MainThread]: Sending event: {'category': 'dbt', 'action': 'invocation', 'label': 'start', 'context': [<snowplow_tracker.self_describing_json.SelfDescribingJson object at 0x0000020400E14DD0>, <snowplow_tracker.self_describing_json.SelfDescribingJson object at 0x0000020400BCB0D0>, <snowplow_tracker.self_describing_json.SelfDescribingJson object at 0x0000020400BEC210>]}


============================== 16:16:10.301013 | 4615e625-a0da-4cb1-9e97-6fc779fea984 ==============================
[0m16:16:10.301013 [info ] [MainThread]: Running with dbt=1.9.2
[0m16:16:10.303328 [debug] [MainThread]: running dbt with arguments {'printer_width': '80', 'indirect_selection': 'eager', 'write_json': 'True', 'log_cache_events': 'False', 'partial_parse': 'True', 'cache_selected_only': 'False', 'warn_error': 'None', 'fail_fast': 'False', 'version_check': 'True', 'log_path': 'logs', 'profiles_dir': 'C:\\Users\\z_user\\.dbt', 'debug': 'False', 'use_colors': 'True', 'use_experimental_parser': 'False', 'empty': 'None', 'quiet': 'False', 'no_print': 'None', 'log_format': 'default', 'invocation_command': 'dbt init my_project', 'static_parser': 'True', 'warn_error_options': 'WarnErrorOptions(include=[], exclude=[])', 'target_path': 'None', 'introspect': 'True', 'send_anonymous_usage_stats': 'True'}
[0m16:16:10.534978 [warn ] [MainThread]: [ConfigFolderDirectory]: Unable to parse logging event dictionary. Failed to parse dir field: expected string or bytes-like object, got 'WindowsPath'.. Dictionary: {'dir': WindowsPath('C:/Users/z_user/.dbt')}
[0m16:16:10.535978 [info ] [MainThread]: Creating dbt configuration folder at 
[0m16:16:10.548841 [debug] [MainThread]: Starter project path: C:\ML and DS Files\Kifiya AI\Kaim-week-7\dbt_env\Lib\site-packages\dbt\include\starter_project
[0m16:16:10.592750 [info ] [MainThread]: 
Your new dbt project "my_project" was created!

For more information on how to configure the profiles.yml file,
please consult the dbt documentation here:

  https://docs.getdbt.com/docs/configure-your-profile

One more thing:

Need help? Don't hesitate to reach out to us via GitHub issues or on Slack:

  https://community.getdbt.com/

Happy modeling!

[0m16:16:10.596746 [info ] [MainThread]: Setting up your profile.
[0m16:18:57.296618 [info ] [MainThread]: Profile my_project written to C:\Users\z_user\.dbt\profiles.yml using target's profile_template.yml and your supplied values. Run 'dbt debug' to validate the connection.
[0m16:18:57.302935 [debug] [MainThread]: Command `dbt init` succeeded at 16:18:57.302935 after 167.16 seconds
[0m16:18:57.303966 [debug] [MainThread]: Sending event: {'category': 'dbt', 'action': 'invocation', 'label': 'end', 'context': [<snowplow_tracker.self_describing_json.SelfDescribingJson object at 0x00000204009BBF50>, <snowplow_tracker.self_describing_json.SelfDescribingJson object at 0x0000020400BA2090>, <snowplow_tracker.self_describing_json.SelfDescribingJson object at 0x00000204008E49D0>]}
[0m16:18:57.304936 [debug] [MainThread]: Flushing usage events
[0m16:18:58.183495 [debug] [MainThread]: An error was encountered while trying to flush usage events
